{
  "stats": {
    "suites": 0,
    "tests": 4,
    "passes": 4,
    "pending": 0,
    "failures": 0,
    "start": "2026-07-07T17:09:40.519Z",
    "end": "2026-07-07T17:11:03.058Z",
    "duration": 82539,
    "testsRegistered": 4,
    "passPercent": 100,
    "pendingPercent": 0,
    "other": 0,
    "hasOther": false,
    "skipped": 0,
    "hasSkipped": false
  },
  "results": [
    {
      "uuid": "37450bb3-59ce-443e-9635-983d0836f2f1",
      "title": "",
      "fullFile": "cypress\\e2e\\Integration.cy.js",
      "file": "cypress\\e2e\\Integration.cy.js",
      "beforeHooks": [],
      "afterHooks": [],
      "tests": [
        {
          "title": "Orange HR Process",
          "fullTitle": "Orange HR Process",
          "timedOut": null,
          "duration": 18528,
          "state": "passed",
          "speed": "slow",
          "pass": true,
          "fail": false,
          "pending": false,
          "context": "{\n  \"title\": \"cypress-mochawesome-reporter-videos-passed\",\n  \"value\": \"cypress\\\\e2e\\\\Integration.cy.js\"\n}",
          "code": "// Visit the login page\ncy.visit('https://opensource-demo.orangehrmlive.com/web/index.php/auth/login'); // Visit website\ncy.wait(2000); // wait for 2 seconds\ncy.get('[name=\"username\"]').type('admin', {\n  delay: 200\n}); // Enter username \ncy.wait(2000); // wait for 2 seconds               \ncy.get('[name=\"password\"]').type('admin123', {\n  delay: 200\n}); // Enter password\ncy.get('.oxd-button').click(); // click on login button\ncy.wait(2000); // wait for 2 seconds",
          "err": {},
          "uuid": "acd4d707-985a-4db9-b43e-bb8c6821e4a6",
          "parentUUID": "37450bb3-59ce-443e-9635-983d0836f2f1",
          "isHook": false,
          "skipped": false
        },
        {
          "title": "Add and Delete Employee",
          "fullTitle": "Add and Delete Employee",
          "timedOut": null,
          "duration": 22758,
          "state": "passed",
          "speed": "slow",
          "pass": true,
          "fail": false,
          "pending": false,
          "context": "{\n  \"title\": \"cypress-mochawesome-reporter-videos-passed\",\n  \"value\": \"cypress\\\\e2e\\\\Integration.cy.js\"\n}",
          "code": "// Add employee\ncy.get(':nth-child(1) > .oxd-main-menu-item').click(); // click on PIM\ncy.get('.orangehrm-header-container > .oxd-button').click(); // click on add employee button\ncy.get(':nth-child(1) > .oxd-input-group > :nth-child(2) > .oxd-select-wrapper > .oxd-select-text > .oxd-select-text--after > .oxd-icon').click(); // click on dropdown\ncy.get('.oxd-select-dropdown > :nth-child(2)').click(); // select option from dropdown\ncy.get(':nth-child(3) > .oxd-input-group > :nth-child(2) > .oxd-select-wrapper > .oxd-select-text > .oxd-select-text--after > .oxd-icon').click(); // click on dropdown\ncy.get('.oxd-select-dropdown > :nth-child(2)').click(); // select option from dropdown\ncy.get('.oxd-autocomplete-text-input > input').type('A', {\n  delay: 200\n}); // enter first letter of employee name\ncy.get('.oxd-autocomplete-dropdown > :nth-child(3)').click(); // select option from dropdown\ncy.get(':nth-child(4) > .oxd-input-group > :nth-child(2) > .oxd-input').type('Rararara', {\n  delay: 200\n}); // enter Username\ncy.get('.user-password-cell > .oxd-input-group > :nth-child(2) > .oxd-input').type('Rararara@123', {\n  delay: 200\n}); // enter password\ncy.get(':nth-child(2) > .oxd-input-group > :nth-child(2) > .oxd-input').type('Rararara@123', {\n  delay: 200\n}); // confirm password\ncy.get('.oxd-button--secondary').click(); // click on save button\ncy.wait(5000); // wait for 5  seconds\n//Search employee and delete employee\ncy.get(':nth-child(1) > .oxd-main-menu-item').click(); // click on Admin\ncy.get(':nth-child(2) > .oxd-input').type('Rararara'); // enter username in search field\ncy.get(':nth-child(2) > .oxd-input-group > :nth-child(2) > .oxd-select-wrapper > .oxd-select-text > .oxd-select-text--after > .oxd-icon').click(); // click on dropdown\ncy.get('.oxd-select-dropdown > :nth-child(2)').click(); // select option from dropdown\ncy.get('.oxd-form-actions > .oxd-button--secondary').click(); // click on search button\ncy.wait(2000);\ncy.get('.oxd-table-cell-actions > :nth-child(1) > .oxd-icon').click(); // click on delete button \ncy.get('.oxd-button--label-danger').click(); // click on confirm delete button",
          "err": {},
          "uuid": "14d05a50-dc02-48af-92ba-622e3c4177ad",
          "parentUUID": "37450bb3-59ce-443e-9635-983d0836f2f1",
          "isHook": false,
          "skipped": false
        },
        {
          "title": "Add and Delete Job Title",
          "fullTitle": "Add and Delete Job Title",
          "timedOut": null,
          "duration": 32431,
          "state": "passed",
          "speed": "slow",
          "pass": true,
          "fail": false,
          "pending": false,
          "context": "{\n  \"title\": \"cypress-mochawesome-reporter-videos-passed\",\n  \"value\": \"cypress\\\\e2e\\\\Integration.cy.js\"\n}",
          "code": "// Add job title\ncy.get(':nth-child(1) > .oxd-main-menu-item').click(); // click on Admin\ncy.get(':nth-child(2) > .oxd-topbar-body-nav-tab-item > .oxd-icon').click(); // click on Job dropdown\ncy.get('.oxd-dropdown-menu > :nth-child(1)').click(); // click on Job Titles\ncy.get('.oxd-button').click(); // click on add button\ncy.get(':nth-child(2) > .oxd-input').type('CEO. Nasser', {\n  delay: 200\n}); // enter job title\ncy.get(':nth-child(2) > .oxd-input-group > :nth-child(2) > .oxd-textarea').type;\ncy.get(':nth-child(2) > .oxd-input-group > :nth-child(2) > .oxd-textarea').type('CEO. Nasser is the Chief Executive Officer of the company', {\n  delay: 200\n}); // enter job description\ncy.get('.oxd-file-button').click(); // click on choose file \ncy.wait(2000); // wait for 2 seconds\ncy.get('input[type=\"file\"]').selectFile('cypress/fixtures/1st Version_CV.pdf', {\n  force: true\n});\ncy.get('.oxd-button--secondary').click(); // click on save button\ncy.wait(3000); // wait for 2 seconds\n// Delete Job title assertion\ncy.get(':nth-child(1) > .oxd-main-menu-item').click(); // click on Admin\ncy.get(':nth-child(2) > .oxd-topbar-body-nav-tab-item > .oxd-icon').click(); // click on Job dropdown\ncy.get('.oxd-dropdown-menu > :nth-child(1)').click(); // click on Job Titles   cy.get('.oxd-table-body').should('contain', 'CEO. Nasser').then(() => cy.log('Job title verified'));\ncy.wait(4000);\n// First find the exact row containing your job title and scrollview\ncy.contains('.oxd-table-row', 'CEO. Nasser').scrollIntoView({\n  duration: 300\n}).should('exist').within(() => {\n  // checkbox click\n  cy.get(':nth-child(1) > .oxd-table-card-cell-checkbox .oxd-icon').click({\n    force: true\n  });\n  // click trash\n  cy.get(':nth-child(1) > .oxd-icon').should('be.visible').click({\n    force: true,\n    multiple: true\n  });\n});\ncy.wait(1000);\ncy.get('.orangehrm-modal-footer > .oxd-button--label-danger').click(); // confirm delete",
          "err": {},
          "uuid": "1cbc1dc8-6cd9-40a7-9fdc-87432982d808",
          "parentUUID": "37450bb3-59ce-443e-9635-983d0836f2f1",
          "isHook": false,
          "skipped": false
        },
        {
          "title": "Logout",
          "fullTitle": "Logout",
          "timedOut": null,
          "duration": 3139,
          "state": "passed",
          "speed": "fast",
          "pass": true,
          "fail": false,
          "pending": false,
          "context": "{\n  \"title\": \"cypress-mochawesome-reporter-videos-passed\",\n  \"value\": \"cypress\\\\e2e\\\\Integration.cy.js\"\n}",
          "code": "cy.get('.oxd-userdropdown-tab > .oxd-icon').click(); // click on user dropdown\ncy.get(':nth-child(4) > .oxd-userdropdown-link').click(); // click on logout button\ncy.wait(2000); // wait for 2 seconds",
          "err": {},
          "uuid": "dad1ebc6-1bf0-40ba-98d5-e5dff1c52ebb",
          "parentUUID": "37450bb3-59ce-443e-9635-983d0836f2f1",
          "isHook": false,
          "skipped": false
        }
      ],
      "suites": [],
      "passes": [
        "acd4d707-985a-4db9-b43e-bb8c6821e4a6",
        "14d05a50-dc02-48af-92ba-622e3c4177ad",
        "1cbc1dc8-6cd9-40a7-9fdc-87432982d808",
        "dad1ebc6-1bf0-40ba-98d5-e5dff1c52ebb"
      ],
      "failures": [],
      "pending": [],
      "skipped": [],
      "duration": 76856,
      "root": true,
      "rootEmpty": false,
      "_timeout": 2000
    }
  ],
  "meta": {
    "mocha": {
      "version": "7.2.0"
    },
    "mochawesome": {
      "options": {
        "quiet": false,
        "reportFilename": "mochawesome",
        "saveHtml": false,
        "saveJson": true,
        "consoleReporter": "spec",
        "useInlineDiffs": false,
        "code": true
      },
      "version": "7.1.4"
    },
    "marge": {
      "options": {
        "overwrite": false,
        "html": false,
        "json": true,
        "reportDir": "cypress\\reports\\html\\.jsons"
      },
      "version": "6.3.2"
    }
  }
}